<?xml version="1.0" encoding="UTF-8"?>
<!-- Generated by org.testng.reporters.JUnitXMLReporter -->
<testsuite hostname="ESS17001DXB0374" ignored="1" name="Default test" tests="1" failures="0" timestamp="13 Nov 2020 09:52:10 GMT" time="4.527" errors="0">
  <testcase name="Scenario_2" time="4.441" classname="api.automation.rest.TC_0001"/>
  <testcase name="Scenario_1" time="0.0" classname="api.automation.rest.TC_0001">
    <ignored/>
  </testcase> <!-- Scenario_1 -->
</testsuite> <!-- Default test -->
